{"total": {"lines":{"total":402,"covered":64,"skipped":0,"pct":15.92},"statements":{"total":448,"covered":84,"skipped":0,"pct":18.75},"functions":{"total":100,"covered":3,"skipped":0,"pct":3},"branches":{"total":44,"covered":3,"skipped":0,"pct":6.81},"branchesTrue":{"total":0,"covered":0,"skipped":0,"pct":100}}
,"C:\\workspace\\planejamento-ethos\\src\\main.ts": {"lines":{"total":16,"covered":0,"skipped":0,"pct":0},"functions":{"total":2,"covered":0,"skipped":0,"pct":0},"statements":{"total":16,"covered":0,"skipped":0,"pct":0},"branches":{"total":2,"covered":0,"skipped":0,"pct":0}}
,"C:\\workspace\\planejamento-ethos\\src\\delivery\\controllers\\Planejamento.controller.ts": {"lines":{"total":6,"covered":0,"skipped":0,"pct":0},"functions":{"total":1,"covered":0,"skipped":0,"pct":0},"statements":{"total":8,"covered":0,"skipped":0,"pct":0},"branches":{"total":0,"covered":0,"skipped":0,"pct":100}}
,"C:\\workspace\\planejamento-ethos\\src\\delivery\\controllers\\ProducaoSimulacao.controller.ts": {"lines":{"total":9,"covered":0,"skipped":0,"pct":0},"functions":{"total":2,"covered":0,"skipped":0,"pct":0},"statements":{"total":11,"covered":0,"skipped":0,"pct":0},"branches":{"total":0,"covered":0,"skipped":0,"pct":100}}
,"C:\\workspace\\planejamento-ethos\\src\\modules\\planejamento\\@core\\abstract\\MetodoDeAlocacao.ts": {"lines":{"total":7,"covered":0,"skipped":0,"pct":0},"functions":{"total":2,"covered":0,"skipped":0,"pct":0},"statements":{"total":7,"covered":0,"skipped":0,"pct":0},"branches":{"total":0,"covered":0,"skipped":0,"pct":100}}
,"C:\\workspace\\planejamento-ethos\\src\\modules\\planejamento\\@core\\abstract\\SetorService.ts": {"lines":{"total":22,"covered":0,"skipped":0,"pct":0},"functions":{"total":7,"covered":0,"skipped":0,"pct":0},"statements":{"total":23,"covered":0,"skipped":0,"pct":0},"branches":{"total":2,"covered":0,"skipped":0,"pct":0}}
,"C:\\workspace\\planejamento-ethos\\src\\modules\\planejamento\\@core\\classes\\Mercado.ts": {"lines":{"total":4,"covered":0,"skipped":0,"pct":0},"functions":{"total":3,"covered":0,"skipped":0,"pct":0},"statements":{"total":4,"covered":0,"skipped":0,"pct":0},"branches":{"total":2,"covered":0,"skipped":0,"pct":0}}
,"C:\\workspace\\planejamento-ethos\\src\\modules\\planejamento\\@core\\entities\\GerenciadorPlanejamento.ts": {"lines":{"total":47,"covered":22,"skipped":0,"pct":46.8},"functions":{"total":11,"covered":3,"skipped":0,"pct":27.27},"statements":{"total":57,"covered":30,"skipped":0,"pct":52.63},"branches":{"total":5,"covered":3,"skipped":0,"pct":60}}
,"C:\\workspace\\planejamento-ethos\\src\\modules\\planejamento\\@core\\entities\\Item.entity.ts": {"lines":{"total":11,"covered":4,"skipped":0,"pct":36.36},"functions":{"total":6,"covered":0,"skipped":0,"pct":0},"statements":{"total":13,"covered":6,"skipped":0,"pct":46.15},"branches":{"total":6,"covered":0,"skipped":0,"pct":0}}
,"C:\\workspace\\planejamento-ethos\\src\\modules\\planejamento\\@core\\entities\\Pedido.entity.ts": {"lines":{"total":25,"covered":10,"skipped":0,"pct":40},"functions":{"total":9,"covered":0,"skipped":0,"pct":0},"statements":{"total":29,"covered":12,"skipped":0,"pct":41.37},"branches":{"total":6,"covered":0,"skipped":0,"pct":0}}
,"C:\\workspace\\planejamento-ethos\\src\\modules\\planejamento\\@core\\entities\\Planejamento.entity.ts": {"lines":{"total":15,"covered":12,"skipped":0,"pct":80},"functions":{"total":4,"covered":0,"skipped":0,"pct":0},"statements":{"total":18,"covered":14,"skipped":0,"pct":77.77},"branches":{"total":0,"covered":0,"skipped":0,"pct":100}}
,"C:\\workspace\\planejamento-ethos\\src\\modules\\planejamento\\@core\\entities\\PlanejamentoDiario.entity.ts": {"lines":{"total":7,"covered":6,"skipped":0,"pct":85.71},"functions":{"total":2,"covered":0,"skipped":0,"pct":0},"statements":{"total":10,"covered":8,"skipped":0,"pct":80},"branches":{"total":0,"covered":0,"skipped":0,"pct":100}}
,"C:\\workspace\\planejamento-ethos\\src\\modules\\planejamento\\@core\\services\\AlocaPorCapabilidade.ts": {"lines":{"total":28,"covered":0,"skipped":0,"pct":0},"functions":{"total":4,"covered":0,"skipped":0,"pct":0},"statements":{"total":28,"covered":0,"skipped":0,"pct":0},"branches":{"total":9,"covered":0,"skipped":0,"pct":0}}
,"C:\\workspace\\planejamento-ethos\\src\\modules\\planejamento\\@core\\services\\AlocaPorMedia.ts": {"lines":{"total":42,"covered":0,"skipped":0,"pct":0},"functions":{"total":4,"covered":0,"skipped":0,"pct":0},"statements":{"total":42,"covered":0,"skipped":0,"pct":0},"branches":{"total":10,"covered":0,"skipped":0,"pct":0}}
,"C:\\workspace\\planejamento-ethos\\src\\modules\\planejamento\\@core\\services\\Fabrica.service.ts": {"lines":{"total":17,"covered":0,"skipped":0,"pct":0},"functions":{"total":3,"covered":0,"skipped":0,"pct":0},"statements":{"total":19,"covered":0,"skipped":0,"pct":0},"branches":{"total":0,"covered":0,"skipped":0,"pct":100}}
,"C:\\workspace\\planejamento-ethos\\src\\modules\\planejamento\\@core\\services\\SetorBanho.ts": {"lines":{"total":4,"covered":0,"skipped":0,"pct":0},"functions":{"total":1,"covered":0,"skipped":0,"pct":0},"statements":{"total":4,"covered":0,"skipped":0,"pct":0},"branches":{"total":0,"covered":0,"skipped":0,"pct":100}}
,"C:\\workspace\\planejamento-ethos\\src\\modules\\planejamento\\@core\\services\\SetorLixa.ts": {"lines":{"total":4,"covered":0,"skipped":0,"pct":0},"functions":{"total":1,"covered":0,"skipped":0,"pct":0},"statements":{"total":4,"covered":0,"skipped":0,"pct":0},"branches":{"total":0,"covered":0,"skipped":0,"pct":100}}
,"C:\\workspace\\planejamento-ethos\\src\\modules\\planejamento\\@core\\services\\SetorMontagem.ts": {"lines":{"total":4,"covered":0,"skipped":0,"pct":0},"functions":{"total":1,"covered":0,"skipped":0,"pct":0},"statements":{"total":4,"covered":0,"skipped":0,"pct":0},"branches":{"total":0,"covered":0,"skipped":0,"pct":100}}
,"C:\\workspace\\planejamento-ethos\\src\\modules\\planejamento\\@core\\services\\SetorPinturaliq.ts": {"lines":{"total":4,"covered":0,"skipped":0,"pct":0},"functions":{"total":1,"covered":0,"skipped":0,"pct":0},"statements":{"total":4,"covered":0,"skipped":0,"pct":0},"branches":{"total":0,"covered":0,"skipped":0,"pct":100}}
,"C:\\workspace\\planejamento-ethos\\src\\modules\\planejamento\\@core\\services\\SetorSolda.ts": {"lines":{"total":4,"covered":0,"skipped":0,"pct":0},"functions":{"total":1,"covered":0,"skipped":0,"pct":0},"statements":{"total":4,"covered":0,"skipped":0,"pct":0},"branches":{"total":0,"covered":0,"skipped":0,"pct":100}}
,"C:\\workspace\\planejamento-ethos\\src\\modules\\planejamento\\@core\\services\\SyncMercadoManual.ts": {"lines":{"total":3,"covered":0,"skipped":0,"pct":0},"functions":{"total":1,"covered":0,"skipped":0,"pct":0},"statements":{"total":3,"covered":0,"skipped":0,"pct":0},"branches":{"total":0,"covered":0,"skipped":0,"pct":100}}
,"C:\\workspace\\planejamento-ethos\\src\\modules\\planejamento\\application\\Planejamento.usecase.ts": {"lines":{"total":23,"covered":0,"skipped":0,"pct":0},"functions":{"total":6,"covered":0,"skipped":0,"pct":0},"statements":{"total":24,"covered":0,"skipped":0,"pct":0},"branches":{"total":0,"covered":0,"skipped":0,"pct":100}}
,"C:\\workspace\\planejamento-ethos\\src\\modules\\planejamento\\infra\\repositories\\Pedido.repo.ts": {"lines":{"total":5,"covered":0,"skipped":0,"pct":0},"functions":{"total":1,"covered":0,"skipped":0,"pct":0},"statements":{"total":7,"covered":0,"skipped":0,"pct":0},"branches":{"total":0,"covered":0,"skipped":0,"pct":100}}
,"C:\\workspace\\planejamento-ethos\\src\\modules\\planejamento\\infra\\repositories\\Planejamento.repo.ts": {"lines":{"total":5,"covered":4,"skipped":0,"pct":80},"functions":{"total":1,"covered":0,"skipped":0,"pct":0},"statements":{"total":7,"covered":6,"skipped":0,"pct":85.71},"branches":{"total":0,"covered":0,"skipped":0,"pct":100}}
,"C:\\workspace\\planejamento-ethos\\src\\modules\\planejamento\\infra\\repositories\\PlanejamentoDiario.repo.ts": {"lines":{"total":5,"covered":4,"skipped":0,"pct":80},"functions":{"total":1,"covered":0,"skipped":0,"pct":0},"statements":{"total":7,"covered":6,"skipped":0,"pct":85.71},"branches":{"total":0,"covered":0,"skipped":0,"pct":100}}
,"C:\\workspace\\planejamento-ethos\\src\\modules\\producao-simulacao\\@core\\entities\\TabelaProducao.entity.ts": {"lines":{"total":8,"covered":0,"skipped":0,"pct":0},"functions":{"total":0,"covered":0,"skipped":0,"pct":100},"statements":{"total":10,"covered":0,"skipped":0,"pct":0},"branches":{"total":0,"covered":0,"skipped":0,"pct":100}}
,"C:\\workspace\\planejamento-ethos\\src\\modules\\producao-simulacao\\application\\GenerateTabelaDiaria.usecase.ts": {"lines":{"total":16,"covered":0,"skipped":0,"pct":0},"functions":{"total":3,"covered":0,"skipped":0,"pct":0},"statements":{"total":18,"covered":0,"skipped":0,"pct":0},"branches":{"total":1,"covered":0,"skipped":0,"pct":0}}
,"C:\\workspace\\planejamento-ethos\\src\\modules\\producao-simulacao\\infra\\repositories\\TabelaProducao.repository.ts": {"lines":{"total":5,"covered":0,"skipped":0,"pct":0},"functions":{"total":1,"covered":0,"skipped":0,"pct":0},"statements":{"total":7,"covered":0,"skipped":0,"pct":0},"branches":{"total":0,"covered":0,"skipped":0,"pct":100}}
,"C:\\workspace\\planejamento-ethos\\src\\modules\\replanejamento\\@core\\abstract\\MetodoDeReAlocacao.ts": {"lines":{"total":7,"covered":0,"skipped":0,"pct":0},"functions":{"total":2,"covered":0,"skipped":0,"pct":0},"statements":{"total":7,"covered":0,"skipped":0,"pct":0},"branches":{"total":0,"covered":0,"skipped":0,"pct":100}}
,"C:\\workspace\\planejamento-ethos\\src\\modules\\replanejamento\\@core\\class\\ExecucaoReal.ts": {"lines":{"total":1,"covered":0,"skipped":0,"pct":0},"functions":{"total":0,"covered":0,"skipped":0,"pct":100},"statements":{"total":1,"covered":0,"skipped":0,"pct":0},"branches":{"total":0,"covered":0,"skipped":0,"pct":100}}
,"C:\\workspace\\planejamento-ethos\\src\\modules\\replanejamento\\@core\\service\\RealocaPorCapabilidade.ts": {"lines":{"total":4,"covered":0,"skipped":0,"pct":0},"functions":{"total":2,"covered":0,"skipped":0,"pct":0},"statements":{"total":4,"covered":0,"skipped":0,"pct":0},"branches":{"total":0,"covered":0,"skipped":0,"pct":100}}
,"C:\\workspace\\planejamento-ethos\\src\\modules\\shared\\@core\\classes\\Calendario.ts": {"lines":{"total":18,"covered":2,"skipped":0,"pct":11.11},"functions":{"total":8,"covered":0,"skipped":0,"pct":0},"statements":{"total":19,"covered":2,"skipped":0,"pct":10.52},"branches":{"total":1,"covered":0,"skipped":0,"pct":0}}
,"C:\\workspace\\planejamento-ethos\\src\\modules\\shared\\@core\\classes\\PlanejamentoJson.ts": {"lines":{"total":16,"covered":0,"skipped":0,"pct":0},"functions":{"total":6,"covered":0,"skipped":0,"pct":0},"statements":{"total":19,"covered":0,"skipped":0,"pct":0},"branches":{"total":0,"covered":0,"skipped":0,"pct":100}}
,"C:\\workspace\\planejamento-ethos\\test\\app.e2e-spec.ts": {"lines":{"total":10,"covered":0,"skipped":0,"pct":0},"functions":{"total":3,"covered":0,"skipped":0,"pct":0},"statements":{"total":10,"covered":0,"skipped":0,"pct":0},"branches":{"total":0,"covered":0,"skipped":0,"pct":100}}
}
