{"total": {"lines":{"total":2512,"covered":20,"skipped":0,"pct":0.79},"statements":{"total":3381,"covered":27,"skipped":0,"pct":0.79},"functions":{"total":620,"covered":7,"skipped":0,"pct":1.12},"branches":{"total":635,"covered":0,"skipped":0,"pct":0},"branchesTrue":{"total":0,"covered":0,"skipped":0,"pct":100}}
,"C:\\workspace\\planejador\\planejamento-ethos\\src\\main.ts": {"lines":{"total":17,"covered":0,"skipped":0,"pct":0},"functions":{"total":2,"covered":0,"skipped":0,"pct":0},"statements":{"total":17,"covered":0,"skipped":0,"pct":0},"branches":{"total":2,"covered":0,"skipped":0,"pct":0}}
,"C:\\workspace\\planejador\\planejamento-ethos\\src\\config\\AxiosClient.ts": {"lines":{"total":4,"covered":0,"skipped":0,"pct":0},"functions":{"total":0,"covered":0,"skipped":0,"pct":100},"statements":{"total":4,"covered":0,"skipped":0,"pct":0},"branches":{"total":0,"covered":0,"skipped":0,"pct":100}}
,"C:\\workspace\\planejador\\planejamento-ethos\\src\\delivery\\controllers\\Fabrica.controller.ts": {"lines":{"total":77,"covered":0,"skipped":0,"pct":0},"functions":{"total":19,"covered":0,"skipped":0,"pct":0},"statements":{"total":79,"covered":0,"skipped":0,"pct":0},"branches":{"total":0,"covered":0,"skipped":0,"pct":100}}
,"C:\\workspace\\planejador\\planejamento-ethos\\src\\delivery\\controllers\\Item.controller.ts": {"lines":{"total":13,"covered":0,"skipped":0,"pct":0},"functions":{"total":3,"covered":0,"skipped":0,"pct":0},"statements":{"total":15,"covered":0,"skipped":0,"pct":0},"branches":{"total":0,"covered":0,"skipped":0,"pct":100}}
,"C:\\workspace\\planejador\\planejamento-ethos\\src\\delivery\\controllers\\Kpi.controller.ts": {"lines":{"total":11,"covered":0,"skipped":0,"pct":0},"functions":{"total":2,"covered":0,"skipped":0,"pct":0},"statements":{"total":13,"covered":0,"skipped":0,"pct":0},"branches":{"total":0,"covered":0,"skipped":0,"pct":100}}
,"C:\\workspace\\planejador\\planejamento-ethos\\src\\delivery\\controllers\\Pedido.controller.ts": {"lines":{"total":10,"covered":0,"skipped":0,"pct":0},"functions":{"total":2,"covered":0,"skipped":0,"pct":0},"statements":{"total":12,"covered":0,"skipped":0,"pct":0},"branches":{"total":0,"covered":0,"skipped":0,"pct":100}}
,"C:\\workspace\\planejador\\planejamento-ethos\\src\\delivery\\controllers\\Planejamento.controller.ts": {"lines":{"total":8,"covered":0,"skipped":0,"pct":0},"functions":{"total":2,"covered":0,"skipped":0,"pct":0},"statements":{"total":10,"covered":0,"skipped":0,"pct":0},"branches":{"total":0,"covered":0,"skipped":0,"pct":100}}
,"C:\\workspace\\planejador\\planejamento-ethos\\src\\delivery\\controllers\\ProducaoSimulacao.controller.ts": {"lines":{"total":20,"covered":0,"skipped":0,"pct":0},"functions":{"total":5,"covered":0,"skipped":0,"pct":0},"statements":{"total":22,"covered":0,"skipped":0,"pct":0},"branches":{"total":0,"covered":0,"skipped":0,"pct":100}}
,"C:\\workspace\\planejador\\planejamento-ethos\\src\\delivery\\controllers\\Replanejamento.controller.ts": {"lines":{"total":6,"covered":0,"skipped":0,"pct":0},"functions":{"total":1,"covered":0,"skipped":0,"pct":0},"statements":{"total":8,"covered":0,"skipped":0,"pct":0},"branches":{"total":0,"covered":0,"skipped":0,"pct":100}}
,"C:\\workspace\\planejador\\planejamento-ethos\\src\\delivery\\controllers\\User.controller.ts": {"lines":{"total":23,"covered":0,"skipped":0,"pct":0},"functions":{"total":6,"covered":0,"skipped":0,"pct":0},"statements":{"total":25,"covered":0,"skipped":0,"pct":0},"branches":{"total":0,"covered":0,"skipped":0,"pct":100}}
,"C:\\workspace\\planejador\\planejamento-ethos\\src\\delivery\\controllers\\VirtualDate.controller.ts": {"lines":{"total":12,"covered":0,"skipped":0,"pct":0},"functions":{"total":2,"covered":0,"skipped":0,"pct":0},"statements":{"total":14,"covered":0,"skipped":0,"pct":0},"branches":{"total":0,"covered":0,"skipped":0,"pct":100}}
,"C:\\workspace\\planejador\\planejamento-ethos\\src\\modules\\fabrica\\PipeFrabricacao.provider.ts": {"lines":{"total":8,"covered":0,"skipped":0,"pct":0},"functions":{"total":1,"covered":0,"skipped":0,"pct":0},"statements":{"total":8,"covered":0,"skipped":0,"pct":0},"branches":{"total":0,"covered":0,"skipped":0,"pct":100}}
,"C:\\workspace\\planejador\\planejamento-ethos\\src\\modules\\fabrica\\SetorFabrica.provider.ts": {"lines":{"total":22,"covered":0,"skipped":0,"pct":0},"functions":{"total":8,"covered":0,"skipped":0,"pct":0},"statements":{"total":22,"covered":0,"skipped":0,"pct":0},"branches":{"total":0,"covered":0,"skipped":0,"pct":100}}
,"C:\\workspace\\planejador\\planejamento-ethos\\src\\modules\\fabrica\\@core\\builder\\Fabrica.builder.ts": {"lines":{"total":16,"covered":0,"skipped":0,"pct":0},"functions":{"total":5,"covered":0,"skipped":0,"pct":0},"statements":{"total":17,"covered":0,"skipped":0,"pct":0},"branches":{"total":1,"covered":0,"skipped":0,"pct":0}}
,"C:\\workspace\\planejador\\planejamento-ethos\\src\\modules\\fabrica\\@core\\classes\\FabricaJsonInstance.ts": {"lines":{"total":1,"covered":0,"skipped":0,"pct":0},"functions":{"total":0,"covered":0,"skipped":0,"pct":100},"statements":{"total":1,"covered":0,"skipped":0,"pct":0},"branches":{"total":0,"covered":0,"skipped":0,"pct":100}}
,"C:\\workspace\\planejador\\planejamento-ethos\\src\\modules\\fabrica\\@core\\classes\\FabricaJsonPlanejamento.ts": {"lines":{"total":1,"covered":0,"skipped":0,"pct":0},"functions":{"total":0,"covered":0,"skipped":0,"pct":100},"statements":{"total":1,"covered":0,"skipped":0,"pct":0},"branches":{"total":0,"covered":0,"skipped":0,"pct":100}}
,"C:\\workspace\\planejador\\planejamento-ethos\\src\\modules\\fabrica\\@core\\classes\\FabricaPlanejamentoResultado.ts": {"lines":{"total":1,"covered":0,"skipped":0,"pct":0},"functions":{"total":0,"covered":0,"skipped":0,"pct":100},"statements":{"total":1,"covered":0,"skipped":0,"pct":0},"branches":{"total":0,"covered":0,"skipped":0,"pct":100}}
,"C:\\workspace\\planejador\\planejamento-ethos\\src\\modules\\fabrica\\@core\\classes\\ForkFabricaProps.ts": {"lines":{"total":1,"covered":0,"skipped":0,"pct":0},"functions":{"total":0,"covered":0,"skipped":0,"pct":100},"statements":{"total":1,"covered":0,"skipped":0,"pct":0},"branches":{"total":0,"covered":0,"skipped":0,"pct":100}}
,"C:\\workspace\\planejador\\planejamento-ethos\\src\\modules\\fabrica\\@core\\classes\\RealocacaoProps.ts": {"lines":{"total":1,"covered":0,"skipped":0,"pct":0},"functions":{"total":0,"covered":0,"skipped":0,"pct":100},"statements":{"total":1,"covered":0,"skipped":0,"pct":0},"branches":{"total":0,"covered":0,"skipped":0,"pct":100}}
,"C:\\workspace\\planejador\\planejamento-ethos\\src\\modules\\fabrica\\@core\\classes\\SelecionaItem000.ts": {"lines":{"total":4,"covered":0,"skipped":0,"pct":0},"functions":{"total":2,"covered":0,"skipped":0,"pct":0},"statements":{"total":6,"covered":0,"skipped":0,"pct":0},"branches":{"total":1,"covered":0,"skipped":0,"pct":0}}
,"C:\\workspace\\planejador\\planejamento-ethos\\src\\modules\\fabrica\\@core\\classes\\SelecionaItemDep.ts": {"lines":{"total":6,"covered":0,"skipped":0,"pct":0},"functions":{"total":2,"covered":0,"skipped":0,"pct":0},"statements":{"total":8,"covered":0,"skipped":0,"pct":0},"branches":{"total":1,"covered":0,"skipped":0,"pct":0}}
,"C:\\workspace\\planejador\\planejamento-ethos\\src\\modules\\fabrica\\@core\\classes\\SelecionaItemRops.ts": {"lines":{"total":3,"covered":0,"skipped":0,"pct":0},"functions":{"total":2,"covered":0,"skipped":0,"pct":0},"statements":{"total":5,"covered":0,"skipped":0,"pct":0},"branches":{"total":1,"covered":0,"skipped":0,"pct":0}}
,"C:\\workspace\\planejador\\planejamento-ethos\\src\\modules\\fabrica\\@core\\classes\\VerificaBatelada.ts": {"lines":{"total":4,"covered":0,"skipped":0,"pct":0},"functions":{"total":3,"covered":0,"skipped":0,"pct":0},"statements":{"total":4,"covered":0,"skipped":0,"pct":0},"branches":{"total":0,"covered":0,"skipped":0,"pct":100}}
,"C:\\workspace\\planejador\\planejamento-ethos\\src\\modules\\fabrica\\@core\\classes\\VerificaCapabilidade.ts": {"lines":{"total":4,"covered":0,"skipped":0,"pct":0},"functions":{"total":3,"covered":0,"skipped":0,"pct":0},"statements":{"total":5,"covered":0,"skipped":0,"pct":0},"branches":{"total":0,"covered":0,"skipped":0,"pct":100}}
,"C:\\workspace\\planejador\\planejamento-ethos\\src\\modules\\fabrica\\@core\\entities\\Batelada.entity.ts": {"lines":{"total":10,"covered":0,"skipped":0,"pct":0},"functions":{"total":2,"covered":0,"skipped":0,"pct":0},"statements":{"total":12,"covered":0,"skipped":0,"pct":0},"branches":{"total":0,"covered":0,"skipped":0,"pct":100}}
,"C:\\workspace\\planejador\\planejamento-ethos\\src\\modules\\fabrica\\@core\\entities\\Divida.entity.ts": {"lines":{"total":16,"covered":0,"skipped":0,"pct":0},"functions":{"total":3,"covered":0,"skipped":0,"pct":0},"statements":{"total":18,"covered":0,"skipped":0,"pct":0},"branches":{"total":0,"covered":0,"skipped":0,"pct":100}}
,"C:\\workspace\\planejador\\planejamento-ethos\\src\\modules\\fabrica\\@core\\entities\\DividaSnapShot.entity.ts": {"lines":{"total":20,"covered":0,"skipped":0,"pct":0},"functions":{"total":4,"covered":0,"skipped":0,"pct":0},"statements":{"total":22,"covered":0,"skipped":0,"pct":0},"branches":{"total":0,"covered":0,"skipped":0,"pct":100}}
,"C:\\workspace\\planejador\\planejamento-ethos\\src\\modules\\fabrica\\@core\\entities\\Fabrica.entity.ts": {"lines":{"total":37,"covered":0,"skipped":0,"pct":0},"functions":{"total":16,"covered":0,"skipped":0,"pct":0},"statements":{"total":45,"covered":0,"skipped":0,"pct":0},"branches":{"total":7,"covered":0,"skipped":0,"pct":0}}
,"C:\\workspace\\planejador\\planejamento-ethos\\src\\modules\\fabrica\\@core\\entities\\FabricaMudanca.entity.ts": {"lines":{"total":11,"covered":0,"skipped":0,"pct":0},"functions":{"total":2,"covered":0,"skipped":0,"pct":0},"statements":{"total":13,"covered":0,"skipped":0,"pct":0},"branches":{"total":0,"covered":0,"skipped":0,"pct":100}}
,"C:\\workspace\\planejador\\planejamento-ethos\\src\\modules\\fabrica\\@core\\entities\\MercadoSnapShot.entity.ts": {"lines":{"total":9,"covered":0,"skipped":0,"pct":0},"functions":{"total":2,"covered":0,"skipped":0,"pct":0},"statements":{"total":11,"covered":0,"skipped":0,"pct":0},"branches":{"total":0,"covered":0,"skipped":0,"pct":100}}
,"C:\\workspace\\planejador\\planejamento-ethos\\src\\modules\\fabrica\\@core\\entities\\PlanejamentoSnapShot.entity.ts": {"lines":{"total":19,"covered":0,"skipped":0,"pct":0},"functions":{"total":4,"covered":0,"skipped":0,"pct":0},"statements":{"total":21,"covered":0,"skipped":0,"pct":0},"branches":{"total":0,"covered":0,"skipped":0,"pct":100}}
,"C:\\workspace\\planejador\\planejamento-ethos\\src\\modules\\fabrica\\@core\\entities\\VirtualDate.entity.ts": {"lines":{"total":4,"covered":0,"skipped":0,"pct":0},"functions":{"total":0,"covered":0,"skipped":0,"pct":100},"statements":{"total":6,"covered":0,"skipped":0,"pct":0},"branches":{"total":0,"covered":0,"skipped":0,"pct":100}}
,"C:\\workspace\\planejador\\planejamento-ethos\\src\\modules\\fabrica\\@core\\guard\\dono-da-fabrica.guard.ts": {"lines":{"total":11,"covered":0,"skipped":0,"pct":0},"functions":{"total":2,"covered":0,"skipped":0,"pct":0},"statements":{"total":16,"covered":0,"skipped":0,"pct":0},"branches":{"total":5,"covered":0,"skipped":0,"pct":0}}
,"C:\\workspace\\planejador\\planejamento-ethos\\src\\modules\\fabrica\\@core\\guard\\na-princiapal-nao.guard.ts": {"lines":{"total":10,"covered":0,"skipped":0,"pct":0},"functions":{"total":2,"covered":0,"skipped":0,"pct":0},"statements":{"total":14,"covered":0,"skipped":0,"pct":0},"branches":{"total":4,"covered":0,"skipped":0,"pct":0}}
,"C:\\workspace\\planejador\\planejamento-ethos\\src\\modules\\fabrica\\@core\\interfaces\\IConsultaRoteiro.ts": {"lines":{"total":1,"covered":0,"skipped":0,"pct":0},"functions":{"total":0,"covered":0,"skipped":0,"pct":100},"statements":{"total":1,"covered":0,"skipped":0,"pct":0},"branches":{"total":0,"covered":0,"skipped":0,"pct":100}}
,"C:\\workspace\\planejador\\planejamento-ethos\\src\\modules\\fabrica\\@core\\interfaces\\IConsultarRoteiroPrincipal.ts": {"lines":{"total":1,"covered":0,"skipped":0,"pct":0},"functions":{"total":0,"covered":0,"skipped":0,"pct":100},"statements":{"total":1,"covered":0,"skipped":0,"pct":0},"branches":{"total":0,"covered":0,"skipped":0,"pct":100}}
,"C:\\workspace\\planejador\\planejamento-ethos\\src\\modules\\fabrica\\@core\\interfaces\\IGerenciadorPlanejamento.ts": {"lines":{"total":1,"covered":0,"skipped":0,"pct":0},"functions":{"total":0,"covered":0,"skipped":0,"pct":100},"statements":{"total":1,"covered":0,"skipped":0,"pct":0},"branches":{"total":0,"covered":0,"skipped":0,"pct":100}}
,"C:\\workspace\\planejador\\planejamento-ethos\\src\\modules\\fabrica\\@core\\interfaces\\IGerenciadorPlanejamentoConsulta.ts": {"lines":{"total":1,"covered":0,"skipped":0,"pct":0},"functions":{"total":0,"covered":0,"skipped":0,"pct":100},"statements":{"total":1,"covered":0,"skipped":0,"pct":0},"branches":{"total":0,"covered":0,"skipped":0,"pct":100}}
,"C:\\workspace\\planejador\\planejamento-ethos\\src\\modules\\fabrica\\@core\\interfaces\\ISelecionarItem.ts": {"lines":{"total":1,"covered":0,"skipped":0,"pct":0},"functions":{"total":0,"covered":0,"skipped":0,"pct":100},"statements":{"total":1,"covered":0,"skipped":0,"pct":0},"branches":{"total":0,"covered":0,"skipped":0,"pct":100}}
,"C:\\workspace\\planejador\\planejamento-ethos\\src\\modules\\fabrica\\@core\\interfaces\\IValidaPlanejamento.ts": {"lines":{"total":1,"covered":0,"skipped":0,"pct":0},"functions":{"total":0,"covered":0,"skipped":0,"pct":100},"statements":{"total":1,"covered":0,"skipped":0,"pct":0},"branches":{"total":0,"covered":0,"skipped":0,"pct":100}}
,"C:\\workspace\\planejador\\planejamento-ethos\\src\\modules\\fabrica\\@core\\services\\CalculaDividaAtraso.service.ts": {"lines":{"total":9,"covered":0,"skipped":0,"pct":0},"functions":{"total":4,"covered":0,"skipped":0,"pct":0},"statements":{"total":10,"covered":0,"skipped":0,"pct":0},"branches":{"total":0,"covered":0,"skipped":0,"pct":100}}
,"C:\\workspace\\planejador\\planejamento-ethos\\src\\modules\\fabrica\\@core\\services\\CalculaDividaDaAtualizacao.ts": {"lines":{"total":6,"covered":0,"skipped":0,"pct":0},"functions":{"total":2,"covered":0,"skipped":0,"pct":0},"statements":{"total":6,"covered":0,"skipped":0,"pct":0},"branches":{"total":0,"covered":0,"skipped":0,"pct":100}}
,"C:\\workspace\\planejador\\planejamento-ethos\\src\\modules\\fabrica\\@core\\services\\CalculaDividaDoPlanejamento.ts": {"lines":{"total":6,"covered":0,"skipped":0,"pct":0},"functions":{"total":4,"covered":0,"skipped":0,"pct":0},"statements":{"total":7,"covered":0,"skipped":0,"pct":0},"branches":{"total":0,"covered":0,"skipped":0,"pct":100}}
,"C:\\workspace\\planejador\\planejamento-ethos\\src\\modules\\fabrica\\@core\\services\\CalculaDividaPosPlanManual.ts": {"lines":{"total":3,"covered":0,"skipped":0,"pct":0},"functions":{"total":2,"covered":0,"skipped":0,"pct":0},"statements":{"total":3,"covered":0,"skipped":0,"pct":0},"branches":{"total":2,"covered":0,"skipped":0,"pct":0}}
,"C:\\workspace\\planejador\\planejamento-ethos\\src\\modules\\fabrica\\@core\\services\\DividaOverWriteByPedido.ts": {"lines":{"total":12,"covered":0,"skipped":0,"pct":0},"functions":{"total":3,"covered":0,"skipped":0,"pct":0},"statements":{"total":13,"covered":0,"skipped":0,"pct":0},"branches":{"total":3,"covered":0,"skipped":0,"pct":0}}
,"C:\\workspace\\planejador\\planejamento-ethos\\src\\modules\\fabrica\\@core\\services\\MercadoOverWrite.service.ts": {"lines":{"total":9,"covered":0,"skipped":0,"pct":0},"functions":{"total":3,"covered":0,"skipped":0,"pct":0},"statements":{"total":10,"covered":0,"skipped":0,"pct":0},"branches":{"total":0,"covered":0,"skipped":0,"pct":100}}
,"C:\\workspace\\planejador\\planejamento-ethos\\src\\modules\\fabrica\\@core\\services\\PlanejamentoOverWriteByItem.service.ts": {"lines":{"total":12,"covered":0,"skipped":0,"pct":0},"functions":{"total":3,"covered":0,"skipped":0,"pct":0},"statements":{"total":13,"covered":0,"skipped":0,"pct":0},"branches":{"total":2,"covered":0,"skipped":0,"pct":0}}
,"C:\\workspace\\planejador\\planejamento-ethos\\src\\modules\\fabrica\\@core\\services\\PlanejamentoOverWriteByPedido.service.ts": {"lines":{"total":14,"covered":0,"skipped":0,"pct":0},"functions":{"total":3,"covered":0,"skipped":0,"pct":0},"statements":{"total":15,"covered":0,"skipped":0,"pct":0},"branches":{"total":2,"covered":0,"skipped":0,"pct":0}}
,"C:\\workspace\\planejador\\planejamento-ethos\\src\\modules\\fabrica\\@core\\services\\PlanejamentoValidatorExecutor.service.ts": {"lines":{"total":6,"covered":0,"skipped":0,"pct":0},"functions":{"total":2,"covered":0,"skipped":0,"pct":0},"statements":{"total":8,"covered":0,"skipped":0,"pct":0},"branches":{"total":0,"covered":0,"skipped":0,"pct":100}}
,"C:\\workspace\\planejador\\planejamento-ethos\\src\\modules\\fabrica\\@core\\services\\SetorChainFactory.service.ts": {"lines":{"total":15,"covered":15,"skipped":0,"pct":100},"functions":{"total":7,"covered":7,"skipped":0,"pct":100},"statements":{"total":18,"covered":18,"skipped":0,"pct":100},"branches":{"total":0,"covered":0,"skipped":0,"pct":100}}
,"C:\\workspace\\planejador\\planejamento-ethos\\src\\modules\\fabrica\\@core\\services\\ValidaCapacidade.ts": {"lines":{"total":20,"covered":0,"skipped":0,"pct":0},"functions":{"total":6,"covered":0,"skipped":0,"pct":0},"statements":{"total":24,"covered":0,"skipped":0,"pct":0},"branches":{"total":5,"covered":0,"skipped":0,"pct":0}}
,"C:\\workspace\\planejador\\planejamento-ethos\\src\\modules\\fabrica\\@core\\services\\ValidaData.ts": {"lines":{"total":8,"covered":0,"skipped":0,"pct":0},"functions":{"total":3,"covered":0,"skipped":0,"pct":0},"statements":{"total":10,"covered":0,"skipped":0,"pct":0},"branches":{"total":2,"covered":0,"skipped":0,"pct":0}}
,"C:\\workspace\\planejador\\planejamento-ethos\\src\\modules\\fabrica\\application\\AdicionarPlanejamentoManual.usecase.ts": {"lines":{"total":34,"covered":0,"skipped":0,"pct":0},"functions":{"total":2,"covered":0,"skipped":0,"pct":0},"statements":{"total":38,"covered":0,"skipped":0,"pct":0},"branches":{"total":3,"covered":0,"skipped":0,"pct":0}}
,"C:\\workspace\\planejador\\planejamento-ethos\\src\\modules\\fabrica\\application\\AtualizarPlanejamento.usecase.ts": {"lines":{"total":37,"covered":0,"skipped":0,"pct":0},"functions":{"total":3,"covered":0,"skipped":0,"pct":0},"statements":{"total":40,"covered":0,"skipped":0,"pct":0},"branches":{"total":4,"covered":0,"skipped":0,"pct":0}}
,"C:\\workspace\\planejador\\planejamento-ethos\\src\\modules\\fabrica\\application\\ConsultarDataVirutal.usecase.ts": {"lines":{"total":7,"covered":0,"skipped":0,"pct":0},"functions":{"total":1,"covered":0,"skipped":0,"pct":0},"statements":{"total":7,"covered":0,"skipped":0,"pct":0},"branches":{"total":0,"covered":0,"skipped":0,"pct":100}}
,"C:\\workspace\\planejador\\planejamento-ethos\\src\\modules\\fabrica\\application\\ConsultarDatasPlanejadas.usecase.ts": {"lines":{"total":18,"covered":0,"skipped":0,"pct":0},"functions":{"total":3,"covered":0,"skipped":0,"pct":0},"statements":{"total":20,"covered":0,"skipped":0,"pct":0},"branches":{"total":3,"covered":0,"skipped":0,"pct":0}}
,"C:\\workspace\\planejador\\planejamento-ethos\\src\\modules\\fabrica\\application\\ConsultarFabrica.usecase.ts": {"lines":{"total":9,"covered":0,"skipped":0,"pct":0},"functions":{"total":2,"covered":0,"skipped":0,"pct":0},"statements":{"total":11,"covered":0,"skipped":0,"pct":0},"branches":{"total":0,"covered":0,"skipped":0,"pct":100}}
,"C:\\workspace\\planejador\\planejamento-ethos\\src\\modules\\fabrica\\application\\ConsultarFabricaPrincipalAtual.usecase.ts": {"lines":{"total":10,"covered":0,"skipped":0,"pct":0},"functions":{"total":2,"covered":0,"skipped":0,"pct":0},"statements":{"total":13,"covered":0,"skipped":0,"pct":0},"branches":{"total":1,"covered":0,"skipped":0,"pct":0}}
,"C:\\workspace\\planejador\\planejamento-ethos\\src\\modules\\fabrica\\application\\ConsultarFabricasDoUsuario.usecase.ts": {"lines":{"total":16,"covered":0,"skipped":0,"pct":0},"functions":{"total":4,"covered":0,"skipped":0,"pct":0},"statements":{"total":18,"covered":0,"skipped":0,"pct":0},"branches":{"total":0,"covered":0,"skipped":0,"pct":100}}
,"C:\\workspace\\planejador\\planejamento-ethos\\src\\modules\\fabrica\\application\\ConsultarPedido.usecase.ts": {"lines":{"total":1,"covered":0,"skipped":0,"pct":0},"functions":{"total":0,"covered":0,"skipped":0,"pct":100},"statements":{"total":1,"covered":0,"skipped":0,"pct":0},"branches":{"total":0,"covered":0,"skipped":0,"pct":100}}
,"C:\\workspace\\planejador\\planejamento-ethos\\src\\modules\\fabrica\\application\\ConsultarPedidosPlanejados.usecase.ts": {"lines":{"total":19,"covered":0,"skipped":0,"pct":0},"functions":{"total":4,"covered":0,"skipped":0,"pct":0},"statements":{"total":22,"covered":0,"skipped":0,"pct":0},"branches":{"total":0,"covered":0,"skipped":0,"pct":100}}
,"C:\\workspace\\planejador\\planejamento-ethos\\src\\modules\\fabrica\\application\\ConsultarPlanejamento.usecase.ts": {"lines":{"total":14,"covered":0,"skipped":0,"pct":0},"functions":{"total":4,"covered":0,"skipped":0,"pct":0},"statements":{"total":16,"covered":0,"skipped":0,"pct":0},"branches":{"total":2,"covered":0,"skipped":0,"pct":0}}
,"C:\\workspace\\planejador\\planejamento-ethos\\src\\modules\\fabrica\\application\\CriarNovaFabricaPrincipal.usecase.ts": {"lines":{"total":10,"covered":0,"skipped":0,"pct":0},"functions":{"total":2,"covered":0,"skipped":0,"pct":0},"statements":{"total":12,"covered":0,"skipped":0,"pct":0},"branches":{"total":0,"covered":0,"skipped":0,"pct":100}}
,"C:\\workspace\\planejador\\planejamento-ethos\\src\\modules\\fabrica\\application\\DeletarFabrica.usecase.ts": {"lines":{"total":6,"covered":0,"skipped":0,"pct":0},"functions":{"total":2,"covered":0,"skipped":0,"pct":0},"statements":{"total":8,"covered":0,"skipped":0,"pct":0},"branches":{"total":0,"covered":0,"skipped":0,"pct":100}}
,"C:\\workspace\\planejador\\planejamento-ethos\\src\\modules\\fabrica\\application\\HandleDataVirtual.usecase.ts": {"lines":{"total":12,"covered":0,"skipped":0,"pct":0},"functions":{"total":1,"covered":0,"skipped":0,"pct":0},"statements":{"total":12,"covered":0,"skipped":0,"pct":0},"branches":{"total":4,"covered":0,"skipped":0,"pct":0}}
,"C:\\workspace\\planejador\\planejamento-ethos\\src\\modules\\fabrica\\application\\MergeFabrica.usecase.ts": {"lines":{"total":18,"covered":0,"skipped":0,"pct":0},"functions":{"total":2,"covered":0,"skipped":0,"pct":0},"statements":{"total":20,"covered":0,"skipped":0,"pct":0},"branches":{"total":1,"covered":0,"skipped":0,"pct":0}}
,"C:\\workspace\\planejador\\planejamento-ethos\\src\\modules\\fabrica\\application\\PlanejarPedido.usecase.ts": {"lines":{"total":26,"covered":0,"skipped":0,"pct":0},"functions":{"total":3,"covered":0,"skipped":0,"pct":0},"statements":{"total":30,"covered":0,"skipped":0,"pct":0},"branches":{"total":2,"covered":0,"skipped":0,"pct":0}}
,"C:\\workspace\\planejador\\planejamento-ethos\\src\\modules\\fabrica\\application\\RemoverPlanejamento.usecase.ts": {"lines":{"total":27,"covered":0,"skipped":0,"pct":0},"functions":{"total":2,"covered":0,"skipped":0,"pct":0},"statements":{"total":30,"covered":0,"skipped":0,"pct":0},"branches":{"total":2,"covered":0,"skipped":0,"pct":0}}
,"C:\\workspace\\planejador\\planejamento-ethos\\src\\modules\\fabrica\\application\\ReplanejarPedido.usecase.ts": {"lines":{"total":14,"covered":0,"skipped":0,"pct":0},"functions":{"total":2,"covered":0,"skipped":0,"pct":0},"statements":{"total":16,"covered":0,"skipped":0,"pct":0},"branches":{"total":0,"covered":0,"skipped":0,"pct":100}}
,"C:\\workspace\\planejador\\planejamento-ethos\\src\\modules\\fabrica\\application\\RequestFabricaForkUseCase.usecase.ts": {"lines":{"total":15,"covered":0,"skipped":0,"pct":0},"functions":{"total":2,"covered":0,"skipped":0,"pct":0},"statements":{"total":18,"covered":0,"skipped":0,"pct":0},"branches":{"total":2,"covered":0,"skipped":0,"pct":0}}
,"C:\\workspace\\planejador\\planejamento-ethos\\src\\modules\\fabrica\\application\\ResetaFabrica.usecase.ts": {"lines":{"total":17,"covered":0,"skipped":0,"pct":0},"functions":{"total":2,"covered":0,"skipped":0,"pct":0},"statements":{"total":21,"covered":0,"skipped":0,"pct":0},"branches":{"total":4,"covered":0,"skipped":0,"pct":0}}
,"C:\\workspace\\planejador\\planejamento-ethos\\src\\modules\\fabrica\\application\\index.ts": {"lines":{"total":21,"covered":0,"skipped":0,"pct":0},"functions":{"total":20,"covered":0,"skipped":0,"pct":0},"statements":{"total":40,"covered":0,"skipped":0,"pct":0},"branches":{"total":0,"covered":0,"skipped":0,"pct":100}}
,"C:\\workspace\\planejador\\planejamento-ethos\\src\\modules\\fabrica\\application\\events\\HandleStartUpBuildFabrica.usecase.ts": {"lines":{"total":14,"covered":0,"skipped":0,"pct":0},"functions":{"total":3,"covered":0,"skipped":0,"pct":0},"statements":{"total":16,"covered":0,"skipped":0,"pct":0},"branches":{"total":1,"covered":0,"skipped":0,"pct":0}}
,"C:\\workspace\\planejador\\planejamento-ethos\\src\\modules\\fabrica\\infra\\repository\\Divida.repository.ts": {"lines":{"total":5,"covered":0,"skipped":0,"pct":0},"functions":{"total":1,"covered":0,"skipped":0,"pct":0},"statements":{"total":7,"covered":0,"skipped":0,"pct":0},"branches":{"total":0,"covered":0,"skipped":0,"pct":100}}
,"C:\\workspace\\planejador\\planejamento-ethos\\src\\modules\\fabrica\\infra\\repository\\DividaSnapShot.repository.ts": {"lines":{"total":5,"covered":0,"skipped":0,"pct":0},"functions":{"total":1,"covered":0,"skipped":0,"pct":0},"statements":{"total":7,"covered":0,"skipped":0,"pct":0},"branches":{"total":0,"covered":0,"skipped":0,"pct":100}}
,"C:\\workspace\\planejador\\planejamento-ethos\\src\\modules\\fabrica\\infra\\repository\\Fabrica.repository.ts": {"lines":{"total":5,"covered":0,"skipped":0,"pct":0},"functions":{"total":1,"covered":0,"skipped":0,"pct":0},"statements":{"total":7,"covered":0,"skipped":0,"pct":0},"branches":{"total":0,"covered":0,"skipped":0,"pct":100}}
,"C:\\workspace\\planejador\\planejamento-ethos\\src\\modules\\fabrica\\infra\\repository\\MercadoSnapShot.repository.ts": {"lines":{"total":5,"covered":0,"skipped":0,"pct":0},"functions":{"total":1,"covered":0,"skipped":0,"pct":0},"statements":{"total":7,"covered":0,"skipped":0,"pct":0},"branches":{"total":0,"covered":0,"skipped":0,"pct":100}}
,"C:\\workspace\\planejador\\planejamento-ethos\\src\\modules\\fabrica\\infra\\repository\\PlanejamentoSnapShot.repository.ts": {"lines":{"total":5,"covered":0,"skipped":0,"pct":0},"functions":{"total":1,"covered":0,"skipped":0,"pct":0},"statements":{"total":7,"covered":0,"skipped":0,"pct":0},"branches":{"total":0,"covered":0,"skipped":0,"pct":100}}
,"C:\\workspace\\planejador\\planejamento-ethos\\src\\modules\\fabrica\\infra\\repository\\VirtualDate.repository.ts": {"lines":{"total":5,"covered":0,"skipped":0,"pct":0},"functions":{"total":1,"covered":0,"skipped":0,"pct":0},"statements":{"total":7,"covered":0,"skipped":0,"pct":0},"branches":{"total":0,"covered":0,"skipped":0,"pct":100}}
,"C:\\workspace\\planejador\\planejamento-ethos\\src\\modules\\fabrica\\infra\\service\\ApagaPedidoPlanejado.service.ts": {"lines":{"total":10,"covered":0,"skipped":0,"pct":0},"functions":{"total":2,"covered":0,"skipped":0,"pct":0},"statements":{"total":12,"covered":0,"skipped":0,"pct":0},"branches":{"total":0,"covered":0,"skipped":0,"pct":100}}
,"C:\\workspace\\planejador\\planejamento-ethos\\src\\modules\\fabrica\\infra\\service\\ConsultaPlanejamentos.service.ts": {"lines":{"total":56,"covered":0,"skipped":0,"pct":0},"functions":{"total":20,"covered":0,"skipped":0,"pct":0},"statements":{"total":64,"covered":0,"skipped":0,"pct":0},"branches":{"total":2,"covered":0,"skipped":0,"pct":0}}
,"C:\\workspace\\planejador\\planejamento-ethos\\src\\modules\\fabrica\\infra\\service\\DeletaSnapShot.service.ts": {"lines":{"total":10,"covered":0,"skipped":0,"pct":0},"functions":{"total":2,"covered":0,"skipped":0,"pct":0},"statements":{"total":12,"covered":0,"skipped":0,"pct":0},"branches":{"total":0,"covered":0,"skipped":0,"pct":100}}
,"C:\\workspace\\planejador\\planejamento-ethos\\src\\modules\\fabrica\\infra\\service\\Divida.service.ts": {"lines":{"total":39,"covered":0,"skipped":0,"pct":0},"functions":{"total":11,"covered":0,"skipped":0,"pct":0},"statements":{"total":42,"covered":0,"skipped":0,"pct":0},"branches":{"total":9,"covered":0,"skipped":0,"pct":0}}
,"C:\\workspace\\planejador\\planejamento-ethos\\src\\modules\\fabrica\\infra\\service\\DividaCheckpoint.service.ts": {"lines":{"total":8,"covered":0,"skipped":0,"pct":0},"functions":{"total":2,"covered":0,"skipped":0,"pct":0},"statements":{"total":8,"covered":0,"skipped":0,"pct":0},"branches":{"total":0,"covered":0,"skipped":0,"pct":100}}
,"C:\\workspace\\planejador\\planejamento-ethos\\src\\modules\\fabrica\\infra\\service\\EfetivaPlanejamento.service.ts": {"lines":{"total":27,"covered":0,"skipped":0,"pct":0},"functions":{"total":6,"covered":0,"skipped":0,"pct":0},"statements":{"total":30,"covered":0,"skipped":0,"pct":0},"branches":{"total":5,"covered":0,"skipped":0,"pct":0}}
,"C:\\workspace\\planejador\\planejamento-ethos\\src\\modules\\fabrica\\infra\\service\\EstruturaNeo4jApi.service.ts": {"lines":{"total":20,"covered":0,"skipped":0,"pct":0},"functions":{"total":5,"covered":0,"skipped":0,"pct":0},"statements":{"total":22,"covered":0,"skipped":0,"pct":0},"branches":{"total":1,"covered":0,"skipped":0,"pct":0}}
,"C:\\workspace\\planejador\\planejamento-ethos\\src\\modules\\fabrica\\infra\\service\\Fabrica.service.ts": {"lines":{"total":30,"covered":0,"skipped":0,"pct":0},"functions":{"total":8,"covered":0,"skipped":0,"pct":0},"statements":{"total":32,"covered":0,"skipped":0,"pct":0},"branches":{"total":7,"covered":0,"skipped":0,"pct":0}}
,"C:\\workspace\\planejador\\planejamento-ethos\\src\\modules\\fabrica\\infra\\service\\FabricaSimulacao.service.ts": {"lines":{"total":108,"covered":0,"skipped":0,"pct":0},"functions":{"total":16,"covered":0,"skipped":0,"pct":0},"statements":{"total":115,"covered":0,"skipped":0,"pct":0},"branches":{"total":18,"covered":0,"skipped":0,"pct":0}}
,"C:\\workspace\\planejador\\planejamento-ethos\\src\\modules\\fabrica\\infra\\service\\ForkFabrica.service.ts": {"lines":{"total":16,"covered":0,"skipped":0,"pct":0},"functions":{"total":3,"covered":0,"skipped":0,"pct":0},"statements":{"total":18,"covered":0,"skipped":0,"pct":0},"branches":{"total":3,"covered":0,"skipped":0,"pct":0}}
,"C:\\workspace\\planejador\\planejamento-ethos\\src\\modules\\fabrica\\infra\\service\\GerenciaDivida.service.ts": {"lines":{"total":20,"covered":0,"skipped":0,"pct":0},"functions":{"total":4,"covered":0,"skipped":0,"pct":0},"statements":{"total":23,"covered":0,"skipped":0,"pct":0},"branches":{"total":2,"covered":0,"skipped":0,"pct":0}}
,"C:\\workspace\\planejador\\planejamento-ethos\\src\\modules\\fabrica\\infra\\service\\GerenciadorPlanejamento.ts": {"lines":{"total":90,"covered":0,"skipped":0,"pct":0},"functions":{"total":18,"covered":0,"skipped":0,"pct":0},"statements":{"total":98,"covered":0,"skipped":0,"pct":0},"branches":{"total":24,"covered":0,"skipped":0,"pct":0}}
,"C:\\workspace\\planejador\\planejamento-ethos\\src\\modules\\fabrica\\infra\\service\\MercadoSnapShot.service.ts": {"lines":{"total":7,"covered":0,"skipped":0,"pct":0},"functions":{"total":2,"covered":0,"skipped":0,"pct":0},"statements":{"total":9,"covered":0,"skipped":0,"pct":0},"branches":{"total":0,"covered":0,"skipped":0,"pct":100}}
,"C:\\workspace\\planejador\\planejamento-ethos\\src\\modules\\fabrica\\infra\\service\\PlanejamentoCheckpoint.service.ts": {"lines":{"total":8,"covered":0,"skipped":0,"pct":0},"functions":{"total":2,"covered":0,"skipped":0,"pct":0},"statements":{"total":8,"covered":0,"skipped":0,"pct":0},"branches":{"total":0,"covered":0,"skipped":0,"pct":100}}
,"C:\\workspace\\planejador\\planejamento-ethos\\src\\modules\\fabrica\\infra\\service\\RoteiroPrinciapal.service.ts": {"lines":{"total":10,"covered":0,"skipped":0,"pct":0},"functions":{"total":2,"covered":0,"skipped":0,"pct":0},"statements":{"total":14,"covered":0,"skipped":0,"pct":0},"branches":{"total":2,"covered":0,"skipped":0,"pct":0}}
,"C:\\workspace\\planejador\\planejamento-ethos\\src\\modules\\fabrica\\infra\\service\\VirtualDate.service.ts": {"lines":{"total":31,"covered":0,"skipped":0,"pct":0},"functions":{"total":6,"covered":0,"skipped":0,"pct":0},"statements":{"total":33,"covered":0,"skipped":0,"pct":0},"branches":{"total":0,"covered":0,"skipped":0,"pct":100}}
,"C:\\workspace\\planejador\\planejamento-ethos\\src\\modules\\item\\@core\\entities\\Item.entity.ts": {"lines":{"total":14,"covered":0,"skipped":0,"pct":0},"functions":{"total":8,"covered":0,"skipped":0,"pct":0},"statements":{"total":21,"covered":0,"skipped":0,"pct":0},"branches":{"total":6,"covered":0,"skipped":0,"pct":0}}
,"C:\\workspace\\planejador\\planejamento-ethos\\src\\modules\\item\\@core\\entities\\ItemCapabilidade.entity.ts": {"lines":{"total":11,"covered":0,"skipped":0,"pct":0},"functions":{"total":2,"covered":0,"skipped":0,"pct":0},"statements":{"total":13,"covered":0,"skipped":0,"pct":0},"branches":{"total":0,"covered":0,"skipped":0,"pct":100}}
,"C:\\workspace\\planejador\\planejamento-ethos\\src\\modules\\item\\@core\\interfaces\\IBuscarItemDependecias.ts": {"lines":{"total":1,"covered":0,"skipped":0,"pct":0},"functions":{"total":0,"covered":0,"skipped":0,"pct":100},"statements":{"total":1,"covered":0,"skipped":0,"pct":0},"branches":{"total":0,"covered":0,"skipped":0,"pct":100}}
,"C:\\workspace\\planejador\\planejamento-ethos\\src\\modules\\item\\@core\\interfaces\\IConverteItem.ts": {"lines":{"total":1,"covered":0,"skipped":0,"pct":0},"functions":{"total":0,"covered":0,"skipped":0,"pct":100},"statements":{"total":1,"covered":0,"skipped":0,"pct":0},"branches":{"total":0,"covered":0,"skipped":0,"pct":100}}
,"C:\\workspace\\planejador\\planejamento-ethos\\src\\modules\\item\\application\\CadastrarCapabilidade.usecase.ts": {"lines":{"total":11,"covered":0,"skipped":0,"pct":0},"functions":{"total":2,"covered":0,"skipped":0,"pct":0},"statements":{"total":13,"covered":0,"skipped":0,"pct":0},"branches":{"total":0,"covered":0,"skipped":0,"pct":100}}
,"C:\\workspace\\planejador\\planejamento-ethos\\src\\modules\\item\\application\\ConsultarItemCapabilidadeTabela.usecase.ts": {"lines":{"total":7,"covered":0,"skipped":0,"pct":0},"functions":{"total":3,"covered":0,"skipped":0,"pct":0},"statements":{"total":10,"covered":0,"skipped":0,"pct":0},"branches":{"total":0,"covered":0,"skipped":0,"pct":100}}
,"C:\\workspace\\planejador\\planejamento-ethos\\src\\modules\\item\\infra\\repository\\Item.repository.ts": {"lines":{"total":5,"covered":0,"skipped":0,"pct":0},"functions":{"total":1,"covered":0,"skipped":0,"pct":0},"statements":{"total":7,"covered":0,"skipped":0,"pct":0},"branches":{"total":0,"covered":0,"skipped":0,"pct":100}}
,"C:\\workspace\\planejador\\planejamento-ethos\\src\\modules\\item\\infra\\service\\AtualizaCapabilidade.service.ts": {"lines":{"total":16,"covered":0,"skipped":0,"pct":0},"functions":{"total":2,"covered":0,"skipped":0,"pct":0},"statements":{"total":19,"covered":0,"skipped":0,"pct":0},"branches":{"total":5,"covered":0,"skipped":0,"pct":0}}
,"C:\\workspace\\planejador\\planejamento-ethos\\src\\modules\\item\\infra\\service\\Item.service.ts": {"lines":{"total":9,"covered":0,"skipped":0,"pct":0},"functions":{"total":5,"covered":0,"skipped":0,"pct":0},"statements":{"total":11,"covered":0,"skipped":0,"pct":0},"branches":{"total":0,"covered":0,"skipped":0,"pct":100}}
,"C:\\workspace\\planejador\\planejamento-ethos\\src\\modules\\jobs\\@infra\\DAO\\PedidosLogix.dao.ts": {"lines":{"total":8,"covered":0,"skipped":0,"pct":0},"functions":{"total":2,"covered":0,"skipped":0,"pct":0},"statements":{"total":10,"covered":0,"skipped":0,"pct":0},"branches":{"total":0,"covered":0,"skipped":0,"pct":100}}
,"C:\\workspace\\planejador\\planejamento-ethos\\src\\modules\\jobs\\application\\ImportadorDePedidos.usecase.ts": {"lines":{"total":34,"covered":0,"skipped":0,"pct":0},"functions":{"total":9,"covered":0,"skipped":0,"pct":0},"statements":{"total":38,"covered":0,"skipped":0,"pct":0},"branches":{"total":5,"covered":0,"skipped":0,"pct":0}}
,"C:\\workspace\\planejador\\planejamento-ethos\\src\\modules\\kpi\\@core\\classes\\GanttColors.ts": {"lines":{"total":2,"covered":0,"skipped":0,"pct":0},"functions":{"total":0,"covered":0,"skipped":0,"pct":100},"statements":{"total":2,"covered":0,"skipped":0,"pct":0},"branches":{"total":0,"covered":0,"skipped":0,"pct":100}}
,"C:\\workspace\\planejador\\planejamento-ethos\\src\\modules\\kpi\\application\\ConsultarGanttColors.usecase.ts": {"lines":{"total":3,"covered":0,"skipped":0,"pct":0},"functions":{"total":1,"covered":0,"skipped":0,"pct":0},"statements":{"total":3,"covered":0,"skipped":0,"pct":0},"branches":{"total":0,"covered":0,"skipped":0,"pct":100}}
,"C:\\workspace\\planejador\\planejamento-ethos\\src\\modules\\kpi\\application\\ConsultarGraficoGantt.usecase.ts": {"lines":{"total":46,"covered":0,"skipped":0,"pct":0},"functions":{"total":7,"covered":0,"skipped":0,"pct":0},"statements":{"total":51,"covered":0,"skipped":0,"pct":0},"branches":{"total":8,"covered":0,"skipped":0,"pct":0}}
,"C:\\workspace\\planejador\\planejamento-ethos\\src\\modules\\kpi\\application\\ConsultarMercado.usecase.ts": {"lines":{"total":7,"covered":0,"skipped":0,"pct":0},"functions":{"total":2,"covered":0,"skipped":0,"pct":0},"statements":{"total":9,"covered":0,"skipped":0,"pct":0},"branches":{"total":0,"covered":0,"skipped":0,"pct":100}}
,"C:\\workspace\\planejador\\planejamento-ethos\\src\\modules\\kpi\\infra\\services\\LinkMercadoComProd.service.ts": {"lines":{"total":15,"covered":0,"skipped":0,"pct":0},"functions":{"total":5,"covered":0,"skipped":0,"pct":0},"statements":{"total":17,"covered":0,"skipped":0,"pct":0},"branches":{"total":10,"covered":0,"skipped":0,"pct":0}}
,"C:\\workspace\\planejador\\planejamento-ethos\\src\\modules\\mercados\\@core\\entities\\Mercados.entity.ts": {"lines":{"total":11,"covered":0,"skipped":0,"pct":0},"functions":{"total":2,"covered":0,"skipped":0,"pct":0},"statements":{"total":13,"covered":0,"skipped":0,"pct":0},"branches":{"total":0,"covered":0,"skipped":0,"pct":100}}
,"C:\\workspace\\planejador\\planejamento-ethos\\src\\modules\\mercados\\infra\\Mercados.repository.ts": {"lines":{"total":5,"covered":0,"skipped":0,"pct":0},"functions":{"total":1,"covered":0,"skipped":0,"pct":0},"statements":{"total":7,"covered":0,"skipped":0,"pct":0},"branches":{"total":0,"covered":0,"skipped":0,"pct":100}}
,"C:\\workspace\\planejador\\planejamento-ethos\\src\\modules\\pedido\\@core\\entities\\Pedido.entity.ts": {"lines":{"total":31,"covered":0,"skipped":0,"pct":0},"functions":{"total":10,"covered":0,"skipped":0,"pct":0},"statements":{"total":38,"covered":0,"skipped":0,"pct":0},"branches":{"total":12,"covered":0,"skipped":0,"pct":0}}
,"C:\\workspace\\planejador\\planejamento-ethos\\src\\modules\\pedido\\application\\ConsultarPedidos.usecase.ts": {"lines":{"total":8,"covered":0,"skipped":0,"pct":0},"functions":{"total":3,"covered":0,"skipped":0,"pct":0},"statements":{"total":11,"covered":0,"skipped":0,"pct":0},"branches":{"total":2,"covered":0,"skipped":0,"pct":0}}
,"C:\\workspace\\planejador\\planejamento-ethos\\src\\modules\\pedido\\infra\\repositories\\Pedido.repository.ts": {"lines":{"total":5,"covered":0,"skipped":0,"pct":0},"functions":{"total":1,"covered":0,"skipped":0,"pct":0},"statements":{"total":7,"covered":0,"skipped":0,"pct":0},"branches":{"total":0,"covered":0,"skipped":0,"pct":100}}
,"C:\\workspace\\planejador\\planejamento-ethos\\src\\modules\\pedido\\infra\\service\\Pedido.service.ts": {"lines":{"total":16,"covered":0,"skipped":0,"pct":0},"functions":{"total":8,"covered":0,"skipped":0,"pct":0},"statements":{"total":19,"covered":0,"skipped":0,"pct":0},"branches":{"total":3,"covered":0,"skipped":0,"pct":0}}
,"C:\\workspace\\planejador\\planejamento-ethos\\src\\modules\\planejamento\\@core\\abstract\\MetodoDeAlocacao.ts": {"lines":{"total":14,"covered":0,"skipped":0,"pct":0},"functions":{"total":2,"covered":0,"skipped":0,"pct":0},"statements":{"total":14,"covered":0,"skipped":0,"pct":0},"branches":{"total":9,"covered":0,"skipped":0,"pct":0}}
,"C:\\workspace\\planejador\\planejamento-ethos\\src\\modules\\planejamento\\@core\\abstract\\SetorService.ts": {"lines":{"total":41,"covered":4,"skipped":0,"pct":9.75},"functions":{"total":10,"covered":0,"skipped":0,"pct":0},"statements":{"total":47,"covered":8,"skipped":0,"pct":17.02},"branches":{"total":9,"covered":0,"skipped":0,"pct":0}}
,"C:\\workspace\\planejador\\planejamento-ethos\\src\\modules\\planejamento\\@core\\classes\\Mercado.ts": {"lines":{"total":19,"covered":0,"skipped":0,"pct":0},"functions":{"total":9,"covered":0,"skipped":0,"pct":0},"statements":{"total":19,"covered":0,"skipped":0,"pct":0},"branches":{"total":10,"covered":0,"skipped":0,"pct":0}}
,"C:\\workspace\\planejador\\planejamento-ethos\\src\\modules\\planejamento\\@core\\classes\\PlanejamentoTemporario.ts": {"lines":{"total":2,"covered":0,"skipped":0,"pct":0},"functions":{"total":1,"covered":0,"skipped":0,"pct":0},"statements":{"total":2,"covered":0,"skipped":0,"pct":0},"branches":{"total":0,"covered":0,"skipped":0,"pct":100}}
,"C:\\workspace\\planejador\\planejamento-ethos\\src\\modules\\planejamento\\@core\\classes\\RealocacaoParcial.ts": {"lines":{"total":3,"covered":1,"skipped":0,"pct":33.33},"functions":{"total":1,"covered":0,"skipped":0,"pct":0},"statements":{"total":3,"covered":1,"skipped":0,"pct":33.33},"branches":{"total":0,"covered":0,"skipped":0,"pct":100}}
,"C:\\workspace\\planejador\\planejamento-ethos\\src\\modules\\planejamento\\@core\\classes\\ResultadoAlocacao.ts": {"lines":{"total":1,"covered":0,"skipped":0,"pct":0},"functions":{"total":0,"covered":0,"skipped":0,"pct":100},"statements":{"total":1,"covered":0,"skipped":0,"pct":0},"branches":{"total":0,"covered":0,"skipped":0,"pct":100}}
,"C:\\workspace\\planejador\\planejamento-ethos\\src\\modules\\planejamento\\@core\\entities\\Planejamento.entity.ts": {"lines":{"total":24,"covered":0,"skipped":0,"pct":0},"functions":{"total":6,"covered":0,"skipped":0,"pct":0},"statements":{"total":27,"covered":0,"skipped":0,"pct":0},"branches":{"total":0,"covered":0,"skipped":0,"pct":100}}
,"C:\\workspace\\planejador\\planejamento-ethos\\src\\modules\\planejamento\\@core\\entities\\TabelaProducao.entity.ts": {"lines":{"total":8,"covered":0,"skipped":0,"pct":0},"functions":{"total":1,"covered":0,"skipped":0,"pct":0},"statements":{"total":10,"covered":0,"skipped":0,"pct":0},"branches":{"total":0,"covered":0,"skipped":0,"pct":100}}
,"C:\\workspace\\planejador\\planejamento-ethos\\src\\modules\\planejamento\\@core\\interfaces\\ISyncProducao.ts": {"lines":{"total":1,"covered":0,"skipped":0,"pct":0},"functions":{"total":0,"covered":0,"skipped":0,"pct":100},"statements":{"total":1,"covered":0,"skipped":0,"pct":0},"branches":{"total":0,"covered":0,"skipped":0,"pct":100}}
,"C:\\workspace\\planejador\\planejamento-ethos\\src\\modules\\planejamento\\@core\\services\\AlocaItensDependencias.ts": {"lines":{"total":11,"covered":0,"skipped":0,"pct":0},"functions":{"total":7,"covered":0,"skipped":0,"pct":0},"statements":{"total":13,"covered":0,"skipped":0,"pct":0},"branches":{"total":0,"covered":0,"skipped":0,"pct":100}}
,"C:\\workspace\\planejador\\planejamento-ethos\\src\\modules\\planejamento\\@core\\services\\AlocaPorBatelada.ts": {"lines":{"total":35,"covered":0,"skipped":0,"pct":0},"functions":{"total":7,"covered":0,"skipped":0,"pct":0},"statements":{"total":39,"covered":0,"skipped":0,"pct":0},"branches":{"total":5,"covered":0,"skipped":0,"pct":0}}
,"C:\\workspace\\planejador\\planejamento-ethos\\src\\modules\\planejamento\\@core\\services\\AlocaPorCapabilidade.ts": {"lines":{"total":56,"covered":0,"skipped":0,"pct":0},"functions":{"total":8,"covered":0,"skipped":0,"pct":0},"statements":{"total":61,"covered":0,"skipped":0,"pct":0},"branches":{"total":11,"covered":0,"skipped":0,"pct":0}}
,"C:\\workspace\\planejador\\planejamento-ethos\\src\\modules\\planejamento\\@core\\services\\SetorBanho.ts": {"lines":{"total":10,"covered":0,"skipped":0,"pct":0},"functions":{"total":2,"covered":0,"skipped":0,"pct":0},"statements":{"total":12,"covered":0,"skipped":0,"pct":0},"branches":{"total":0,"covered":0,"skipped":0,"pct":100}}
,"C:\\workspace\\planejador\\planejamento-ethos\\src\\modules\\planejamento\\@core\\services\\SetorLixa.ts": {"lines":{"total":11,"covered":0,"skipped":0,"pct":0},"functions":{"total":2,"covered":0,"skipped":0,"pct":0},"statements":{"total":13,"covered":0,"skipped":0,"pct":0},"branches":{"total":0,"covered":0,"skipped":0,"pct":100}}
,"C:\\workspace\\planejador\\planejamento-ethos\\src\\modules\\planejamento\\@core\\services\\SetorMontagem.ts": {"lines":{"total":10,"covered":0,"skipped":0,"pct":0},"functions":{"total":2,"covered":0,"skipped":0,"pct":0},"statements":{"total":12,"covered":0,"skipped":0,"pct":0},"branches":{"total":0,"covered":0,"skipped":0,"pct":100}}
,"C:\\workspace\\planejador\\planejamento-ethos\\src\\modules\\planejamento\\@core\\services\\SetorPinturaliq.ts": {"lines":{"total":11,"covered":0,"skipped":0,"pct":0},"functions":{"total":2,"covered":0,"skipped":0,"pct":0},"statements":{"total":13,"covered":0,"skipped":0,"pct":0},"branches":{"total":0,"covered":0,"skipped":0,"pct":100}}
,"C:\\workspace\\planejador\\planejamento-ethos\\src\\modules\\planejamento\\@core\\services\\SetorSolda.ts": {"lines":{"total":10,"covered":0,"skipped":0,"pct":0},"functions":{"total":2,"covered":0,"skipped":0,"pct":0},"statements":{"total":12,"covered":0,"skipped":0,"pct":0},"branches":{"total":0,"covered":0,"skipped":0,"pct":100}}
,"C:\\workspace\\planejador\\planejamento-ethos\\src\\modules\\planejamento\\@core\\services\\SyncMercadoManual.ts": {"lines":{"total":20,"covered":0,"skipped":0,"pct":0},"functions":{"total":4,"covered":0,"skipped":0,"pct":0},"statements":{"total":22,"covered":0,"skipped":0,"pct":0},"branches":{"total":1,"covered":0,"skipped":0,"pct":0}}
,"C:\\workspace\\planejador\\planejamento-ethos\\src\\modules\\planejamento\\application\\ConsultaTabelaDiaria.usecase.ts": {"lines":{"total":18,"covered":0,"skipped":0,"pct":0},"functions":{"total":4,"covered":0,"skipped":0,"pct":0},"statements":{"total":22,"covered":0,"skipped":0,"pct":0},"branches":{"total":2,"covered":0,"skipped":0,"pct":0}}
,"C:\\workspace\\planejador\\planejamento-ethos\\src\\modules\\planejamento\\application\\ConsultarPlanejamento.usecase.ts": {"lines":{"total":1,"covered":0,"skipped":0,"pct":0},"functions":{"total":0,"covered":0,"skipped":0,"pct":100},"statements":{"total":1,"covered":0,"skipped":0,"pct":0},"branches":{"total":0,"covered":0,"skipped":0,"pct":100}}
,"C:\\workspace\\planejador\\planejamento-ethos\\src\\modules\\planejamento\\application\\SaveTabelaDiario.usecase.ts": {"lines":{"total":13,"covered":0,"skipped":0,"pct":0},"functions":{"total":1,"covered":0,"skipped":0,"pct":0},"statements":{"total":14,"covered":0,"skipped":0,"pct":0},"branches":{"total":1,"covered":0,"skipped":0,"pct":0}}
,"C:\\workspace\\planejador\\planejamento-ethos\\src\\modules\\planejamento\\infra\\repositories\\Planejamento.repo.ts": {"lines":{"total":5,"covered":0,"skipped":0,"pct":0},"functions":{"total":1,"covered":0,"skipped":0,"pct":0},"statements":{"total":7,"covered":0,"skipped":0,"pct":0},"branches":{"total":0,"covered":0,"skipped":0,"pct":100}}
,"C:\\workspace\\planejador\\planejamento-ethos\\src\\modules\\planejamento\\infra\\repositories\\TabelaProducao.repository.ts": {"lines":{"total":5,"covered":0,"skipped":0,"pct":0},"functions":{"total":1,"covered":0,"skipped":0,"pct":0},"statements":{"total":7,"covered":0,"skipped":0,"pct":0},"branches":{"total":0,"covered":0,"skipped":0,"pct":100}}
,"C:\\workspace\\planejador\\planejamento-ethos\\src\\modules\\planejamento\\infra\\services\\Planejamento.service.ts": {"lines":{"total":7,"covered":0,"skipped":0,"pct":0},"functions":{"total":3,"covered":0,"skipped":0,"pct":0},"statements":{"total":9,"covered":0,"skipped":0,"pct":0},"branches":{"total":0,"covered":0,"skipped":0,"pct":100}}
,"C:\\workspace\\planejador\\planejamento-ethos\\src\\modules\\planejamento\\infra\\services\\TabelaProducao.service.ts": {"lines":{"total":17,"covered":0,"skipped":0,"pct":0},"functions":{"total":4,"covered":0,"skipped":0,"pct":0},"statements":{"total":17,"covered":0,"skipped":0,"pct":0},"branches":{"total":0,"covered":0,"skipped":0,"pct":100}}
,"C:\\workspace\\planejador\\planejamento-ethos\\src\\modules\\replanejamento\\@core\\abstract\\MetodoDeReAlocacao.ts": {"lines":{"total":7,"covered":0,"skipped":0,"pct":0},"functions":{"total":2,"covered":0,"skipped":0,"pct":0},"statements":{"total":7,"covered":0,"skipped":0,"pct":0},"branches":{"total":5,"covered":0,"skipped":0,"pct":0}}
,"C:\\workspace\\planejador\\planejamento-ethos\\src\\modules\\replanejamento\\@core\\service\\RealocaPorCapabilidade.ts": {"lines":{"total":75,"covered":0,"skipped":0,"pct":0},"functions":{"total":10,"covered":0,"skipped":0,"pct":0},"statements":{"total":78,"covered":0,"skipped":0,"pct":0},"branches":{"total":10,"covered":0,"skipped":0,"pct":0}}
,"C:\\workspace\\planejador\\planejamento-ethos\\src\\modules\\replanejamento\\application\\Replanejamento.usecase.ts": {"lines":{"total":8,"covered":0,"skipped":0,"pct":0},"functions":{"total":2,"covered":0,"skipped":0,"pct":0},"statements":{"total":10,"covered":0,"skipped":0,"pct":0},"branches":{"total":0,"covered":0,"skipped":0,"pct":100}}
,"C:\\workspace\\planejador\\planejamento-ethos\\src\\modules\\setor\\@core\\entities\\Setor.entity.ts": {"lines":{"total":5,"covered":0,"skipped":0,"pct":0},"functions":{"total":0,"covered":0,"skipped":0,"pct":100},"statements":{"total":7,"covered":0,"skipped":0,"pct":0},"branches":{"total":0,"covered":0,"skipped":0,"pct":100}}
,"C:\\workspace\\planejador\\planejamento-ethos\\src\\modules\\setor\\infra\\repository\\Setor.repository.ts": {"lines":{"total":5,"covered":0,"skipped":0,"pct":0},"functions":{"total":1,"covered":0,"skipped":0,"pct":0},"statements":{"total":7,"covered":0,"skipped":0,"pct":0},"branches":{"total":0,"covered":0,"skipped":0,"pct":100}}
,"C:\\workspace\\planejador\\planejamento-ethos\\src\\modules\\setor\\infra\\service\\Setor.service.ts": {"lines":{"total":6,"covered":0,"skipped":0,"pct":0},"functions":{"total":3,"covered":0,"skipped":0,"pct":0},"statements":{"total":8,"covered":0,"skipped":0,"pct":0},"branches":{"total":0,"covered":0,"skipped":0,"pct":100}}
,"C:\\workspace\\planejador\\planejamento-ethos\\src\\modules\\shared\\@core\\classes\\Calendario.ts": {"lines":{"total":30,"covered":0,"skipped":0,"pct":0},"functions":{"total":12,"covered":0,"skipped":0,"pct":0},"statements":{"total":33,"covered":0,"skipped":0,"pct":0},"branches":{"total":5,"covered":0,"skipped":0,"pct":0}}
,"C:\\workspace\\planejador\\planejamento-ethos\\src\\modules\\shared\\@core\\classes\\GeradorDeCor.ts": {"lines":{"total":6,"covered":0,"skipped":0,"pct":0},"functions":{"total":2,"covered":0,"skipped":0,"pct":0},"statements":{"total":6,"covered":0,"skipped":0,"pct":0},"branches":{"total":0,"covered":0,"skipped":0,"pct":100}}
,"C:\\workspace\\planejador\\planejamento-ethos\\src\\modules\\shared\\@core\\guard\\jwt.guard.ts": {"lines":{"total":21,"covered":0,"skipped":0,"pct":0},"functions":{"total":2,"covered":0,"skipped":0,"pct":0},"statements":{"total":23,"covered":0,"skipped":0,"pct":0},"branches":{"total":4,"covered":0,"skipped":0,"pct":0}}
,"C:\\workspace\\planejador\\planejamento-ethos\\src\\modules\\shared\\@core\\utils\\CookiesExtractor.ts": {"lines":{"total":12,"covered":0,"skipped":0,"pct":0},"functions":{"total":3,"covered":0,"skipped":0,"pct":0},"statements":{"total":14,"covered":0,"skipped":0,"pct":0},"branches":{"total":6,"covered":0,"skipped":0,"pct":0}}
,"C:\\workspace\\planejador\\planejamento-ethos\\src\\modules\\shared\\services\\JobsFile.service.ts": {"lines":{"total":44,"covered":0,"skipped":0,"pct":0},"functions":{"total":13,"covered":0,"skipped":0,"pct":0},"statements":{"total":44,"covered":0,"skipped":0,"pct":0},"branches":{"total":8,"covered":0,"skipped":0,"pct":0}}
,"C:\\workspace\\planejador\\planejamento-ethos\\src\\modules\\user\\@core\\abstract\\IAutentication.ts": {"lines":{"total":1,"covered":0,"skipped":0,"pct":0},"functions":{"total":0,"covered":0,"skipped":0,"pct":100},"statements":{"total":1,"covered":0,"skipped":0,"pct":0},"branches":{"total":0,"covered":0,"skipped":0,"pct":100}}
,"C:\\workspace\\planejador\\planejamento-ethos\\src\\modules\\user\\@core\\abstract\\IUserService.ts": {"lines":{"total":1,"covered":0,"skipped":0,"pct":0},"functions":{"total":0,"covered":0,"skipped":0,"pct":100},"statements":{"total":1,"covered":0,"skipped":0,"pct":0},"branches":{"total":0,"covered":0,"skipped":0,"pct":100}}
,"C:\\workspace\\planejador\\planejamento-ethos\\src\\modules\\user\\@core\\builder\\User.builder.ts": {"lines":{"total":24,"covered":0,"skipped":0,"pct":0},"functions":{"total":7,"covered":0,"skipped":0,"pct":0},"statements":{"total":24,"covered":0,"skipped":0,"pct":0},"branches":{"total":8,"covered":0,"skipped":0,"pct":0}}
,"C:\\workspace\\planejador\\planejamento-ethos\\src\\modules\\user\\@core\\entities\\User.entity.ts": {"lines":{"total":11,"covered":0,"skipped":0,"pct":0},"functions":{"total":0,"covered":0,"skipped":0,"pct":100},"statements":{"total":13,"covered":0,"skipped":0,"pct":0},"branches":{"total":0,"covered":0,"skipped":0,"pct":100}}
,"C:\\workspace\\planejador\\planejamento-ethos\\src\\modules\\user\\@core\\guard\\jwt.guard.ts": {"lines":{"total":25,"covered":0,"skipped":0,"pct":0},"functions":{"total":2,"covered":0,"skipped":0,"pct":0},"statements":{"total":27,"covered":0,"skipped":0,"pct":0},"branches":{"total":11,"covered":0,"skipped":0,"pct":0}}
,"C:\\workspace\\planejador\\planejamento-ethos\\src\\modules\\user\\@core\\services\\JwtGenerator.ts": {"lines":{"total":13,"covered":0,"skipped":0,"pct":0},"functions":{"total":4,"covered":0,"skipped":0,"pct":0},"statements":{"total":13,"covered":0,"skipped":0,"pct":0},"branches":{"total":0,"covered":0,"skipped":0,"pct":100}}
,"C:\\workspace\\planejador\\planejamento-ethos\\src\\modules\\user\\application\\User.usecase.ts": {"lines":{"total":25,"covered":0,"skipped":0,"pct":0},"functions":{"total":6,"covered":0,"skipped":0,"pct":0},"statements":{"total":29,"covered":0,"skipped":0,"pct":0},"branches":{"total":3,"covered":0,"skipped":0,"pct":0}}
,"C:\\workspace\\planejador\\planejamento-ethos\\src\\modules\\user\\infra\\services\\Autentication.service.ts": {"lines":{"total":9,"covered":0,"skipped":0,"pct":0},"functions":{"total":3,"covered":0,"skipped":0,"pct":0},"statements":{"total":11,"covered":0,"skipped":0,"pct":0},"branches":{"total":2,"covered":0,"skipped":0,"pct":0}}
,"C:\\workspace\\planejador\\planejamento-ethos\\src\\modules\\user\\infra\\services\\User.service.ts": {"lines":{"total":24,"covered":0,"skipped":0,"pct":0},"functions":{"total":7,"covered":0,"skipped":0,"pct":0},"statements":{"total":29,"covered":0,"skipped":0,"pct":0},"branches":{"total":5,"covered":0,"skipped":0,"pct":0}}
,"C:\\workspace\\planejador\\planejamento-ethos\\test\\app.e2e-spec.ts": {"lines":{"total":10,"covered":0,"skipped":0,"pct":0},"functions":{"total":3,"covered":0,"skipped":0,"pct":0},"statements":{"total":10,"covered":0,"skipped":0,"pct":0},"branches":{"total":0,"covered":0,"skipped":0,"pct":100}}
,"C:\\workspace\\planejador\\planejamento-ethos\\test\\coverage\\lcov-report\\block-navigation.js": {"lines":{"total":30,"covered":0,"skipped":0,"pct":0},"functions":{"total":6,"covered":0,"skipped":0,"pct":0},"statements":{"total":30,"covered":0,"skipped":0,"pct":0},"branches":{"total":19,"covered":0,"skipped":0,"pct":0}}
,"C:\\workspace\\planejador\\planejamento-ethos\\test\\coverage\\lcov-report\\prettify.js": {"lines":{"total":1,"covered":0,"skipped":0,"pct":0},"functions":{"total":29,"covered":0,"skipped":0,"pct":0},"statements":{"total":536,"covered":0,"skipped":0,"pct":0},"branches":{"total":286,"covered":0,"skipped":0,"pct":0}}
,"C:\\workspace\\planejador\\planejamento-ethos\\test\\coverage\\lcov-report\\sorter.js": {"lines":{"total":89,"covered":0,"skipped":0,"pct":0},"functions":{"total":19,"covered":0,"skipped":0,"pct":0},"statements":{"total":90,"covered":0,"skipped":0,"pct":0},"branches":{"total":24,"covered":0,"skipped":0,"pct":0}}
}
